# JRE version: OpenJDK Runtime Environment Corretto-11.0.13.8.1 (11.0.13+8) (build 11.0.13+8-LTS)
# Java VM: OpenJDK 64-Bit Server VM Corretto-11.0.13.8.1 (11.0.13+8-LTS, mixed mode, tiered, compressed oops, parallel gc, windows-amd64)
Heap:
 PSYoungGen      total 23552K, used 46K [0x00000000eab00000, 0x00000000ec380000, 0x0000000100000000)
  eden space 21504K, 0% used [0x00000000eab00000,0x00000000eab0ba78,0x00000000ec000000)
  from space 2048K, 0% used [0x00000000ec080000,0x00000000ec080000,0x00000000ec280000)
  to   space 1024K, 0% used [0x00000000ec280000,0x00000000ec280000,0x00000000ec380000)
 ParOldGen       total 68608K, used 24612K [0x00000000c0000000, 0x00000000c4300000, 0x00000000eab00000)
  object space 68608K, 35% used [0x00000000c0000000,0x00000000c18093f0,0x00000000c4300000)
 Metaspace       used 33419K, capacity 35261K, committed 35584K, reserved 1081344K
  class space    used 3137K, capacity 3760K, committed 3840K, reserved 1048576K
GC Heap History (20 events):
Event: 5.005 GC heap before
{Heap before GC invocations=8 (full 1):
 PSYoungGen      total 26624K, used 26599K [0x00000000eab00000, 0x00000000eca00000, 0x0000000100000000)
  eden space 24064K, 100% used [0x00000000eab00000,0x00000000ec280000,0x00000000ec280000)
  from space 2560K, 99% used [0x00000000ec600000,0x00000000ec879f10,0x00000000ec880000)
  to   space 3584K, 0% used [0x00000000ec280000,0x00000000ec280000,0x00000000ec600000)
 ParOldGen       total 68608K, used 6418K [0x00000000c0000000, 0x00000000c4300000, 0x00000000eab00000)
  object space 68608K, 9% used [0x00000000c0000000,0x00000000c0644890,0x00000000c4300000)
 Metaspace       used 30705K, capacity 32539K, committed 32768K, reserved 1079296K
  class space    used 2913K, capacity 3578K, committed 3584K, reserved 1048576K
}
Event: 5.017 GC heap after
{Heap after GC invocations=8 (full 1):
 PSYoungGen      total 27136K, used 3583K [0x00000000eab00000, 0x00000000ecb00000, 0x0000000100000000)
  eden space 23552K, 0% used [0x00000000eab00000,0x00000000eab00000,0x00000000ec200000)
  from space 3584K, 99% used [0x00000000ec280000,0x00000000ec5fff50,0x00000000ec600000)
  to   space 4608K, 0% used [0x00000000ec680000,0x00000000ec680000,0x00000000ecb00000)
 ParOldGen       total 68608K, used 6850K [0x00000000c0000000, 0x00000000c4300000, 0x00000000eab00000)
  object space 68608K, 9% used [0x00000000c0000000,0x00000000c06b0890,0x00000000c4300000)
 Metaspace       used 30705K, capacity 32539K, committed 32768K, reserved 1079296K
  class space    used 2913K, capacity 3578K, committed 3584K, reserved 1048576K
}
Event: 5.157 GC heap before
{Heap before GC invocations=9 (full 1):
 PSYoungGen      total 27136K, used 27135K [0x00000000eab00000, 0x00000000ecb00000, 0x0000000100000000)
  eden space 23552K, 99% used [0x00000000eab00000,0x00000000ec1fffc0,0x00000000ec200000)
  from space 3584K, 99% used [0x00000000ec280000,0x00000000ec5fff50,0x00000000ec600000)
  to   space 4608K, 0% used [0x00000000ec680000,0x00000000ec680000,0x00000000ecb00000)
 ParOldGen       total 68608K, used 6850K [0x00000000c0000000, 0x00000000c4300000, 0x00000000eab00000)
  object space 68608K, 9% used [0x00000000c0000000,0x00000000c06b0890,0x00000000c4300000)
 Metaspace       used 31017K, capacity 32854K, committed 33152K, reserved 1079296K
  class space    used 2957K, capacity 3619K, committed 3712K, reserved 1048576K
}
Event: 5.170 GC heap after
{Heap after GC invocations=9 (full 1):
 PSYoungGen      total 26112K, used 4585K [0x00000000eab00000, 0x00000000ece80000, 0x0000000100000000)
  eden space 21504K, 0% used [0x00000000eab00000,0x00000000eab00000,0x00000000ec000000)
  from space 4608K, 99% used [0x00000000ec680000,0x00000000ecafa7d8,0x00000000ecb00000)
  to   space 6656K, 0% used [0x00000000ec000000,0x00000000ec000000,0x00000000ec680000)
 ParOldGen       total 68608K, used 8082K [0x00000000c0000000, 0x00000000c4300000, 0x00000000eab00000)
  object space 68608K, 11% used [0x00000000c0000000,0x00000000c07e48a0,0x00000000c4300000)
 Metaspace       used 31017K, capacity 32854K, committed 33152K, reserved 1079296K
  class space    used 2957K, capacity 3619K, committed 3712K, reserved 1048576K
}
Event: 5.238 GC heap before
{Heap before GC invocations=10 (full 1):
 PSYoungGen      total 26112K, used 26089K [0x00000000eab00000, 0x00000000ece80000, 0x0000000100000000)
  eden space 21504K, 100% used [0x00000000eab00000,0x00000000ec000000,0x00000000ec000000)
  from space 4608K, 99% used [0x00000000ec680000,0x00000000ecafa7d8,0x00000000ecb00000)
  to   space 6656K, 0% used [0x00000000ec000000,0x00000000ec000000,0x00000000ec680000)
 ParOldGen       total 68608K, used 8082K [0x00000000c0000000, 0x00000000c4300000, 0x00000000eab00000)
  object space 68608K, 11% used [0x00000000c0000000,0x00000000c07e48a0,0x00000000c4300000)
 Metaspace       used 31051K, capacity 32854K, committed 33152K, reserved 1079296K
  class space    used 2957K, capacity 3619K, committed 3712K, reserved 1048576K
}
Event: 5.245 GC heap after
{Heap after GC invocations=10 (full 1):
 PSYoungGen      total 26112K, used 4561K [0x00000000eab00000, 0x00000000eca00000, 0x0000000100000000)
  eden space 21504K, 0% used [0x00000000eab00000,0x00000000eab00000,0x00000000ec000000)
  from space 4608K, 98% used [0x00000000ec000000,0x00000000ec4746e8,0x00000000ec480000)
  to   space 5120K, 0% used [0x00000000ec500000,0x00000000ec500000,0x00000000eca00000)
 ParOldGen       total 68608K, used 10209K [0x00000000c0000000, 0x00000000c4300000, 0x00000000eab00000)
  object space 68608K, 14% used [0x00000000c0000000,0x00000000c09f8700,0x00000000c4300000)
 Metaspace       used 31051K, capacity 32854K, committed 33152K, reserved 1079296K
  class space    used 2957K, capacity 3619K, committed 3712K, reserved 1048576K
}
Event: 5.352 GC heap before
{Heap before GC invocations=11 (full 1):
 PSYoungGen      total 26112K, used 26065K [0x00000000eab00000, 0x00000000eca00000, 0x0000000100000000)
  eden space 21504K, 100% used [0x00000000eab00000,0x00000000ec000000,0x00000000ec000000)
  from space 4608K, 98% used [0x00000000ec000000,0x00000000ec4746e8,0x00000000ec480000)
  to   space 5120K, 0% used [0x00000000ec500000,0x00000000ec500000,0x00000000eca00000)
 ParOldGen       total 68608K, used 10209K [0x00000000c0000000, 0x00000000c4300000, 0x00000000eab00000)
  object space 68608K, 14% used [0x00000000c0000000,0x00000000c09f8700,0x00000000c4300000)
 Metaspace       used 31234K, capacity 33046K, committed 33152K, reserved 1079296K
  class space    used 2969K, capacity 3619K, committed 3712K, reserved 1048576K
}
Event: 5.359 GC heap after
{Heap after GC invocations=11 (full 1):
 PSYoungGen      total 26624K, used 4544K [0x00000000eab00000, 0x00000000eca00000, 0x0000000100000000)
  eden space 21504K, 0% used [0x00000000eab00000,0x00000000eab00000,0x00000000ec000000)
  from space 5120K, 88% used [0x00000000ec500000,0x00000000ec970020,0x00000000eca00000)
  to   space 5120K, 0% used [0x00000000ec000000,0x00000000ec000000,0x00000000ec500000)
 ParOldGen       total 68608K, used 12598K [0x00000000c0000000, 0x00000000c4300000, 0x00000000eab00000)
  object space 68608K, 18% used [0x00000000c0000000,0x00000000c0c4d9a0,0x00000000c4300000)
 Metaspace       used 31234K, capacity 33046K, committed 33152K, reserved 1079296K
  class space    used 2969K, capacity 3619K, committed 3712K, reserved 1048576K
}
Event: 5.416 GC heap before
{Heap before GC invocations=12 (full 1):
 PSYoungGen      total 26624K, used 26048K [0x00000000eab00000, 0x00000000eca00000, 0x0000000100000000)
  eden space 21504K, 100% used [0x00000000eab00000,0x00000000ec000000,0x00000000ec000000)
  from space 5120K, 88% used [0x00000000ec500000,0x00000000ec970020,0x00000000eca00000)
  to   space 5120K, 0% used [0x00000000ec000000,0x00000000ec000000,0x00000000ec500000)
 ParOldGen       total 68608K, used 12598K [0x00000000c0000000, 0x00000000c4300000, 0x00000000eab00000)
  object space 68608K, 18% used [0x00000000c0000000,0x00000000c0c4d9a0,0x00000000c4300000)
 Metaspace       used 31245K, capacity 33046K, committed 33152K, reserved 1079296K
  class space    used 2972K, capacity 3619K, committed 3712K, reserved 1048576K
}
Event: 5.434 GC heap after
{Heap after GC invocations=12 (full 1):
 PSYoungGen      total 24064K, used 2176K [0x00000000eab00000, 0x00000000ec600000, 0x0000000100000000)
  eden space 21504K, 0% used [0x00000000eab00000,0x00000000eab00000,0x00000000ec000000)
  from space 2560K, 85% used [0x00000000ec000000,0x00000000ec220000,0x00000000ec280000)
  to   space 3072K, 0% used [0x00000000ec300000,0x00000000ec300000,0x00000000ec600000)
 ParOldGen       total 68608K, used 17036K [0x00000000c0000000, 0x00000000c4300000, 0x00000000eab00000)
  object space 68608K, 24% used [0x00000000c0000000,0x00000000c10a32a0,0x00000000c4300000)
 Metaspace       used 31245K, capacity 33046K, committed 33152K, reserved 1079296K
  class space    used 2972K, capacity 3619K, committed 3712K, reserved 1048576K
}
Event: 5.485 GC heap before
{Heap before GC invocations=13 (full 1):
 PSYoungGen      total 24064K, used 23680K [0x00000000eab00000, 0x00000000ec600000, 0x0000000100000000)
  eden space 21504K, 100% used [0x00000000eab00000,0x00000000ec000000,0x00000000ec000000)
  from space 2560K, 85% used [0x00000000ec000000,0x00000000ec220000,0x00000000ec280000)
  to   space 3072K, 0% used [0x00000000ec300000,0x00000000ec300000,0x00000000ec600000)
 ParOldGen       total 68608K, used 17036K [0x00000000c0000000, 0x00000000c4300000, 0x00000000eab00000)
  object space 68608K, 24% used [0x00000000c0000000,0x00000000c10a32a0,0x00000000c4300000)
 Metaspace       used 31245K, capacity 33046K, committed 33152K, reserved 1079296K
  class space    used 2972K, capacity 3619K, committed 3712K, reserved 1048576K
}
Event: 5.496 GC heap after
{Heap after GC invocations=13 (full 1):
 PSYoungGen      total 24576K, used 2624K [0x00000000eab00000, 0x00000000ec600000, 0x0000000100000000)
  eden space 21504K, 0% used [0x00000000eab00000,0x00000000eab00000,0x00000000ec000000)
  from space 3072K, 85% used [0x00000000ec300000,0x00000000ec590010,0x00000000ec600000)
  to   space 3072K, 0% used [0x00000000ec000000,0x00000000ec000000,0x00000000ec300000)
 ParOldGen       total 68608K, used 19132K [0x00000000c0000000, 0x00000000c4300000, 0x00000000eab00000)
  object space 68608K, 27% used [0x00000000c0000000,0x00000000c12af2a0,0x00000000c4300000)
 Metaspace       used 31245K, capacity 33046K, committed 33152K, reserved 1079296K
  class space    used 2972K, capacity 3619K, committed 3712K, reserved 1048576K
}
Event: 5.587 GC heap before
{Heap before GC invocations=14 (full 1):
 PSYoungGen      total 24576K, used 24128K [0x00000000eab00000, 0x00000000ec600000, 0x0000000100000000)
  eden space 21504K, 100% used [0x00000000eab00000,0x00000000ec000000,0x00000000ec000000)
  from space 3072K, 85% used [0x00000000ec300000,0x00000000ec590010,0x00000000ec600000)
  to   space 3072K, 0% used [0x00000000ec000000,0x00000000ec000000,0x00000000ec300000)
 ParOldGen       total 68608K, used 19132K [0x00000000c0000000, 0x00000000c4300000, 0x00000000eab00000)
  object space 68608K, 27% used [0x00000000c0000000,0x00000000c12af2a0,0x00000000c4300000)
 Metaspace       used 31326K, capacity 33184K, committed 33408K, reserved 1079296K
  class space    used 2977K, capacity 3622K, committed 3712K, reserved 1048576K
}
Event: 5.609 GC heap after
{Heap after GC invocations=14 (full 1):
 PSYoungGen      total 24576K, used 2752K [0x00000000eab00000, 0x00000000ec600000, 0x0000000100000000)
  eden space 21504K, 0% used [0x00000000eab00000,0x00000000eab00000,0x00000000ec000000)
  from space 3072K, 89% used [0x00000000ec000000,0x00000000ec2b0000,0x00000000ec300000)
  to   space 3072K, 0% used [0x00000000ec300000,0x00000000ec300000,0x00000000ec600000)
 ParOldGen       total 68608K, used 21626K [0x00000000c0000000, 0x00000000c4300000, 0x00000000eab00000)
  object space 68608K, 31% used [0x00000000c0000000,0x00000000c151eb30,0x00000000c4300000)
 Metaspace       used 31326K, capacity 33184K, committed 33408K, reserved 1079296K
  class space    used 2977K, capacity 3622K, committed 3712K, reserved 1048576K
}
Event: 5.980 GC heap before
{Heap before GC invocations=15 (full 1):
 PSYoungGen      total 24576K, used 24237K [0x00000000eab00000, 0x00000000ec600000, 0x0000000100000000)
  eden space 21504K, 99% used [0x00000000eab00000,0x00000000ebffb4d8,0x00000000ec000000)
  from space 3072K, 89% used [0x00000000ec000000,0x00000000ec2b0000,0x00000000ec300000)
  to   space 3072K, 0% used [0x00000000ec300000,0x00000000ec300000,0x00000000ec600000)
 ParOldGen       total 68608K, used 21626K [0x00000000c0000000, 0x00000000c4300000, 0x00000000eab00000)
  object space 68608K, 31% used [0x00000000c0000000,0x00000000c151eb30,0x00000000c4300000)
 Metaspace       used 32991K, capacity 34834K, committed 35072K, reserved 1081344K
  class space    used 3084K, capacity 3724K, committed 3840K, reserved 1048576K
}
Event: 5.989 GC heap after
{Heap after GC invocations=15 (full 1):
 PSYoungGen      total 23040K, used 1191K [0x00000000eab00000, 0x00000000ec480000, 0x0000000100000000)
  eden space 21504K, 0% used [0x00000000eab00000,0x00000000eab00000,0x00000000ec000000)
  from space 1536K, 77% used [0x00000000ec300000,0x00000000ec429d68,0x00000000ec480000)
  to   space 2048K, 0% used [0x00000000ec080000,0x00000000ec080000,0x00000000ec280000)
 ParOldGen       total 68608K, used 24327K [0x00000000c0000000, 0x00000000c4300000, 0x00000000eab00000)
  object space 68608K, 35% used [0x00000000c0000000,0x00000000c17c1e88,0x00000000c4300000)
 Metaspace       used 32991K, capacity 34834K, committed 35072K, reserved 1081344K
  class space    used 3084K, capacity 3724K, committed 3840K, reserved 1048576K
}
Event: 6.052 GC heap before
{Heap before GC invocations=16 (full 1):
 PSYoungGen      total 23040K, used 3349K [0x00000000eab00000, 0x00000000ec480000, 0x0000000100000000)
  eden space 21504K, 10% used [0x00000000eab00000,0x00000000ead1b6e8,0x00000000ec000000)
  from space 1536K, 77% used [0x00000000ec300000,0x00000000ec429d68,0x00000000ec480000)
  to   space 2048K, 0% used [0x00000000ec080000,0x00000000ec080000,0x00000000ec280000)
 ParOldGen       total 68608K, used 24327K [0x00000000c0000000, 0x00000000c4300000, 0x00000000eab00000)
  object space 68608K, 35% used [0x00000000c0000000,0x00000000c17c1e88,0x00000000c4300000)
 Metaspace       used 33401K, capacity 35197K, committed 35328K, reserved 1081344K
  class space    used 3137K, capacity 3760K, committed 3840K, reserved 1048576K
}
Event: 6.104 GC heap after
{Heap after GC invocations=16 (full 1):
 PSYoungGen      total 23552K, used 64K [0x00000000eab00000, 0x00000000ec380000, 0x0000000100000000)
  eden space 21504K, 0% used [0x00000000eab00000,0x00000000eab00000,0x00000000ec000000)
  from space 2048K, 3% used [0x00000000ec080000,0x00000000ec090000,0x00000000ec280000)
  to   space 1024K, 0% used [0x00000000ec280000,0x00000000ec280000,0x00000000ec380000)
 ParOldGen       total 68608K, used 25231K [0x00000000c0000000, 0x00000000c4300000, 0x00000000eab00000)
  object space 68608K, 36% used [0x00000000c0000000,0x00000000c18a3d90,0x00000000c4300000)
 Metaspace       used 33401K, capacity 35197K, committed 35328K, reserved 1081344K
  class space    used 3137K, capacity 3760K, committed 3840K, reserved 1048576K
}
Event: 6.104 GC heap before
{Heap before GC invocations=17 (full 2):
 PSYoungGen      total 23552K, used 64K [0x00000000eab00000, 0x00000000ec380000, 0x0000000100000000)
  eden space 21504K, 0% used [0x00000000eab00000,0x00000000eab00000,0x00000000ec000000)
  from space 2048K, 3% used [0x00000000ec080000,0x00000000ec090000,0x00000000ec280000)
  to   space 1024K, 0% used [0x00000000ec280000,0x00000000ec280000,0x00000000ec380000)
 ParOldGen       total 68608K, used 25231K [0x00000000c0000000, 0x00000000c4300000, 0x00000000eab00000)
  object space 68608K, 36% used [0x00000000c0000000,0x00000000c18a3d90,0x00000000c4300000)
 Metaspace       used 33401K, capacity 35197K, committed 35328K, reserved 1081344K
  class space    used 3137K, capacity 3760K, committed 3840K, reserved 1048576K
}
Event: 6.410 GC heap after
{Heap after GC invocations=17 (full 2):
 PSYoungGen      total 23552K, used 0K [0x00000000eab00000, 0x00000000ec380000, 0x0000000100000000)
  eden space 21504K, 0% used [0x00000000eab00000,0x00000000eab00000,0x00000000ec000000)
  from space 2048K, 0% used [0x00000000ec080000,0x00000000ec080000,0x00000000ec280000)
  to   space 1024K, 0% used [0x00000000ec280000,0x00000000ec280000,0x00000000ec380000)
 ParOldGen       total 68608K, used 24612K [0x00000000c0000000, 0x00000000c4300000, 0x00000000eab00000)
  object space 68608K, 35% used [0x00000000c0000000,0x00000000c18093f0,0x00000000c4300000)
 Metaspace       used 33401K, capacity 35197K, committed 35328K, reserved 1081344K
  class space    used 3137K, capacity 3760K, committed 3840K, reserved 1048576K
}

